<?xml version="1.0" encoding="UTF-8"?>
<!-- Generated by org.testng.reporters.JUnitXMLReporter -->
<testsuite ignored="0" hostname="Saran" failures="0" tests="4" name="SwagLabs Tests" time="30.1" errors="0" timestamp="2025-07-09T18:39:20 IST">
  <testcase classname="tests.LoginTest" name="swaglabsLoginTest" time="5.36"/>
  <testcase classname="tests.ProductTest" name="productPageTest" time="4.306"/>
  <testcase classname="tests.CheckOutTest" name="checkOutTest" time="10.366"/>
  <testcase classname="tests.LogoutTest" name="logoutTest" time="2.442"/>
</testsuite> <!-- SwagLabs Tests -->
